<?xml version="1.0" encoding="UTF-8"?>
<!-- Generated by org.testng.reporters.JUnitReportReporter -->
<testsuite skipped="18" hostname="DESKTOP-FUGQNF4" name="org.parallel.ParallelBrowser2" tests="21" failures="0" timestamp="28 Jan 2023 03:16:38 GMT" time="10.322" errors="3">
  <testcase name="test2" time="0.000" classname="org.parallel.ParallelBrowser2">
    <skipped/>
  </testcase> <!-- test2 -->
  <testcase name="beforeClass" time="5.354" classname="org.parallel.ParallelBrowser2">
    <error type="java.lang.IllegalStateException" message="The path to the driver executable must be set by the webdriver.edge.driver system property; for more information, see https://github.com/SeleniumHQ/selenium/wiki/MicrosoftWebDriver. The latest version can be downloaded from http://go.microsoft.com/fwlink/?LinkId=619687">
      <![CDATA[java.lang.IllegalStateException: The path to the driver executable must be set by the webdriver.edge.driver system property; for more information, see https://github.com/SeleniumHQ/selenium/wiki/MicrosoftWebDriver. The latest version can be downloaded from http://go.microsoft.com/fwlink/?LinkId=619687
at com.google.common.base.Preconditions.checkState(Preconditions.java:738)
at org.openqa.selenium.remote.service.DriverService.findExecutable(DriverService.java:124)
at org.openqa.selenium.edge.EdgeDriverService.access$000(EdgeDriverService.java:33)
at org.openqa.selenium.edge.EdgeDriverService$Builder.findDefaultExecutable(EdgeDriverService.java:63)
at org.openqa.selenium.remote.service.DriverService$Builder.build(DriverService.java:330)
at org.openqa.selenium.edge.EdgeDriverService.createDefaultService(EdgeDriverService.java:55)
at org.openqa.selenium.edge.EdgeDriver.<init>(EdgeDriver.java:96)
at org.parameter.BaseClass.browserLaunch2(BaseClass.java:71)
at org.parallel.ParallelBrowser2.beforeClass(ParallelBrowser2.java:16)
at sun.reflect.NativeMethodAccessorImpl.invoke0(Native Method)
at sun.reflect.NativeMethodAccessorImpl.invoke(Unknown Source)
at sun.reflect.DelegatingMethodAccessorImpl.invoke(Unknown Source)
at java.lang.reflect.Method.invoke(Unknown Source)
at org.testng.internal.MethodInvocationHelper.invokeMethod(MethodInvocationHelper.java:124)
at org.testng.internal.MethodInvocationHelper.invokeMethodConsideringTimeout(MethodInvocationHelper.java:59)
at org.testng.internal.Invoker.invokeConfigurationMethod(Invoker.java:458)
at org.testng.internal.Invoker.invokeConfigurations(Invoker.java:222)
at org.testng.internal.Invoker.invokeConfigurations(Invoker.java:142)
at org.testng.internal.TestMethodWorker.invokeBeforeClassMethods(TestMethodWorker.java:168)
at org.testng.internal.TestMethodWorker.run(TestMethodWorker.java:105)
at org.testng.TestRunner.privateRun(TestRunner.java:648)
at org.testng.TestRunner.run(TestRunner.java:505)
at org.testng.SuiteRunner.runTest(SuiteRunner.java:455)
at org.testng.SuiteRunner.runSequentially(SuiteRunner.java:450)
at org.testng.SuiteRunner.privateRun(SuiteRunner.java:415)
at org.testng.SuiteRunner.run(SuiteRunner.java:364)
at org.testng.SuiteRunnerWorker.runSuite(SuiteRunnerWorker.java:52)
at org.testng.SuiteRunnerWorker.run(SuiteRunnerWorker.java:84)
at org.testng.TestNG.runSuitesSequentially(TestNG.java:1208)
at org.testng.TestNG.runSuitesLocally(TestNG.java:1137)
at org.testng.TestNG.runSuites(TestNG.java:1049)
at org.testng.TestNG.run(TestNG.java:1017)
at org.testng.remote.AbstractRemoteTestNG.run(AbstractRemoteTestNG.java:114)
at org.testng.remote.RemoteTestNG.initAndRun(RemoteTestNG.java:251)
at org.testng.remote.RemoteTestNG.main(RemoteTestNG.java:77)
]]>
    </error>
  </testcase> <!-- beforeClass -->
  <testcase name="test7" time="0.000" classname="org.parallel.ParallelBrowser2">
    <skipped/>
  </testcase> <!-- test7 -->
  <testcase name="beforeClass" time="0.000" classname="org.parallel.ParallelBrowser2">
    <error type="java.lang.IllegalStateException" message="The path to the driver executable must be set by the webdriver.edge.driver system property; for more information, see https://github.com/SeleniumHQ/selenium/wiki/MicrosoftWebDriver. The latest version can be downloaded from http://go.microsoft.com/fwlink/?LinkId=619687">
      <![CDATA[java.lang.IllegalStateException: The path to the driver executable must be set by the webdriver.edge.driver system property; for more information, see https://github.com/SeleniumHQ/selenium/wiki/MicrosoftWebDriver. The latest version can be downloaded from http://go.microsoft.com/fwlink/?LinkId=619687
at com.google.common.base.Preconditions.checkState(Preconditions.java:738)
at org.openqa.selenium.remote.service.DriverService.findExecutable(DriverService.java:124)
at org.openqa.selenium.edge.EdgeDriverService.access$000(EdgeDriverService.java:33)
at org.openqa.selenium.edge.EdgeDriverService$Builder.findDefaultExecutable(EdgeDriverService.java:63)
at org.openqa.selenium.remote.service.DriverService$Builder.build(DriverService.java:330)
at org.openqa.selenium.edge.EdgeDriverService.createDefaultService(EdgeDriverService.java:55)
at org.openqa.selenium.edge.EdgeDriver.<init>(EdgeDriver.java:96)
at org.parameter.BaseClass.browserLaunch2(BaseClass.java:71)
at org.parallel.ParallelBrowser2.beforeClass(ParallelBrowser2.java:16)
at sun.reflect.NativeMethodAccessorImpl.invoke0(Native Method)
at sun.reflect.NativeMethodAccessorImpl.invoke(Unknown Source)
at sun.reflect.DelegatingMethodAccessorImpl.invoke(Unknown Source)
at java.lang.reflect.Method.invoke(Unknown Source)
at org.testng.internal.MethodInvocationHelper.invokeMethod(MethodInvocationHelper.java:124)
at org.testng.internal.MethodInvocationHelper.invokeMethodConsideringTimeout(MethodInvocationHelper.java:59)
at org.testng.internal.Invoker.invokeConfigurationMethod(Invoker.java:458)
at org.testng.internal.Invoker.invokeConfigurations(Invoker.java:222)
at org.testng.internal.Invoker.invokeConfigurations(Invoker.java:142)
at org.testng.internal.TestMethodWorker.invokeBeforeClassMethods(TestMethodWorker.java:168)
at org.testng.internal.TestMethodWorker.run(TestMethodWorker.java:105)
at org.testng.TestRunner.privateRun(TestRunner.java:648)
at org.testng.TestRunner.run(TestRunner.java:505)
at org.testng.SuiteRunner.runTest(SuiteRunner.java:455)
at org.testng.SuiteRunner.runSequentially(SuiteRunner.java:450)
at org.testng.SuiteRunner.privateRun(SuiteRunner.java:415)
at org.testng.SuiteRunner.run(SuiteRunner.java:364)
at org.testng.SuiteRunnerWorker.runSuite(SuiteRunnerWorker.java:52)
at org.testng.SuiteRunnerWorker.run(SuiteRunnerWorker.java:84)
at org.testng.TestNG.runSuitesSequentially(TestNG.java:1208)
at org.testng.TestNG.runSuitesLocally(TestNG.java:1137)
at org.testng.TestNG.runSuites(TestNG.java:1049)
at org.testng.TestNG.run(TestNG.java:1017)
at org.testng.remote.AbstractRemoteTestNG.run(AbstractRemoteTestNG.java:114)
at org.testng.remote.RemoteTestNG.initAndRun(RemoteTestNG.java:251)
at org.testng.remote.RemoteTestNG.main(RemoteTestNG.java:77)
]]>
    </error>
  </testcase> <!-- beforeClass -->
  <testcase name="test6" time="0.000" classname="org.parallel.ParallelBrowser2">
    <skipped/>
  </testcase> <!-- test6 -->
  <testcase name="test5" time="0.000" classname="org.parallel.ParallelBrowser2">
    <skipped/>
  </testcase> <!-- test5 -->
  <testcase name="test7" time="0.000" classname="org.parallel.ParallelBrowser2">
    <skipped/>
  </testcase> <!-- test7 -->
  <testcase name="test2" time="0.000" classname="org.parallel.ParallelBrowser2">
    <skipped/>
  </testcase> <!-- test2 -->
  <testcase name="test4" time="0.000" classname="org.parallel.ParallelBrowser2">
    <skipped/>
  </testcase> <!-- test4 -->
  <testcase name="test6" time="0.000" classname="org.parallel.ParallelBrowser2">
    <skipped/>
  </testcase> <!-- test6 -->
  <testcase name="test7" time="0.000" classname="org.parallel.ParallelBrowser2">
    <skipped/>
  </testcase> <!-- test7 -->
  <testcase name="test3" time="0.000" classname="org.parallel.ParallelBrowser2">
    <skipped/>
  </testcase> <!-- test3 -->
  <testcase name="test3" time="0.000" classname="org.parallel.ParallelBrowser2">
    <skipped/>
  </testcase> <!-- test3 -->
  <testcase name="test5" time="0.000" classname="org.parallel.ParallelBrowser2">
    <skipped/>
  </testcase> <!-- test5 -->
  <testcase name="test6" time="0.000" classname="org.parallel.ParallelBrowser2">
    <skipped/>
  </testcase> <!-- test6 -->
  <testcase name="beforeClass" time="4.968" classname="org.parallel.ParallelBrowser2">
    <error type="java.lang.IllegalStateException" message="The path to the driver executable must be set by the webdriver.edge.driver system property; for more information, see https://github.com/SeleniumHQ/selenium/wiki/MicrosoftWebDriver. The latest version can be downloaded from http://go.microsoft.com/fwlink/?LinkId=619687">
      <![CDATA[java.lang.IllegalStateException: The path to the driver executable must be set by the webdriver.edge.driver system property; for more information, see https://github.com/SeleniumHQ/selenium/wiki/MicrosoftWebDriver. The latest version can be downloaded from http://go.microsoft.com/fwlink/?LinkId=619687
at com.google.common.base.Preconditions.checkState(Preconditions.java:738)
at org.openqa.selenium.remote.service.DriverService.findExecutable(DriverService.java:124)
at org.openqa.selenium.edge.EdgeDriverService.access$000(EdgeDriverService.java:33)
at org.openqa.selenium.edge.EdgeDriverService$Builder.findDefaultExecutable(EdgeDriverService.java:63)
at org.openqa.selenium.remote.service.DriverService$Builder.build(DriverService.java:330)
at org.openqa.selenium.edge.EdgeDriverService.createDefaultService(EdgeDriverService.java:55)
at org.openqa.selenium.edge.EdgeDriver.<init>(EdgeDriver.java:96)
at org.parameter.BaseClass.browserLaunch2(BaseClass.java:71)
at org.parallel.ParallelBrowser2.beforeClass(ParallelBrowser2.java:16)
at sun.reflect.NativeMethodAccessorImpl.invoke0(Native Method)
at sun.reflect.NativeMethodAccessorImpl.invoke(Unknown Source)
at sun.reflect.DelegatingMethodAccessorImpl.invoke(Unknown Source)
at java.lang.reflect.Method.invoke(Unknown Source)
at org.testng.internal.MethodInvocationHelper.invokeMethod(MethodInvocationHelper.java:124)
at org.testng.internal.MethodInvocationHelper.invokeMethodConsideringTimeout(MethodInvocationHelper.java:59)
at org.testng.internal.Invoker.invokeConfigurationMethod(Invoker.java:458)
at org.testng.internal.Invoker.invokeConfigurations(Invoker.java:222)
at org.testng.internal.Invoker.invokeConfigurations(Invoker.java:142)
at org.testng.internal.TestMethodWorker.invokeBeforeClassMethods(TestMethodWorker.java:168)
at org.testng.internal.TestMethodWorker.run(TestMethodWorker.java:105)
at org.testng.TestRunner.privateRun(TestRunner.java:648)
at org.testng.TestRunner.run(TestRunner.java:505)
at org.testng.SuiteRunner.runTest(SuiteRunner.java:455)
at org.testng.SuiteRunner.runSequentially(SuiteRunner.java:450)
at org.testng.SuiteRunner.privateRun(SuiteRunner.java:415)
at org.testng.SuiteRunner.run(SuiteRunner.java:364)
at org.testng.SuiteRunnerWorker.runSuite(SuiteRunnerWorker.java:52)
at org.testng.SuiteRunnerWorker.run(SuiteRunnerWorker.java:84)
at org.testng.TestNG.runSuitesSequentially(TestNG.java:1208)
at org.testng.TestNG.runSuitesLocally(TestNG.java:1137)
at org.testng.TestNG.runSuites(TestNG.java:1049)
at org.testng.TestNG.run(TestNG.java:1017)
at org.testng.remote.AbstractRemoteTestNG.run(AbstractRemoteTestNG.java:114)
at org.testng.remote.RemoteTestNG.initAndRun(RemoteTestNG.java:251)
at org.testng.remote.RemoteTestNG.main(RemoteTestNG.java:77)
]]>
    </error>
  </testcase> <!-- beforeClass -->
  <testcase name="test5" time="0.000" classname="org.parallel.ParallelBrowser2">
    <skipped/>
  </testcase> <!-- test5 -->
  <testcase name="test2" time="0.000" classname="org.parallel.ParallelBrowser2">
    <skipped/>
  </testcase> <!-- test2 -->
  <testcase name="test4" time="0.000" classname="org.parallel.ParallelBrowser2">
    <skipped/>
  </testcase> <!-- test4 -->
  <testcase name="test3" time="0.000" classname="org.parallel.ParallelBrowser2">
    <skipped/>
  </testcase> <!-- test3 -->
  <testcase name="test4" time="0.000" classname="org.parallel.ParallelBrowser2">
    <skipped/>
  </testcase> <!-- test4 -->
</testsuite> <!-- org.parallel.ParallelBrowser2 -->
